{"meta": {"format": 3, "version": "7.11.0", "timestamp": "2025-11-04T23:25:43.571676", "branch_coverage": false, "show_contexts": false}, "files": {"src/categoraize/__init__.py": {"executed_lines": [1, 3], "summary": {"covered_lines": 1, "num_statements": 1, "percent_covered": 100.0, "percent_covered_display": "100", "missing_lines": 0, "excluded_lines": 0}, "missing_lines": [], "excluded_lines": [], "functions": {"": {"executed_lines": [1, 3], "summary": {"covered_lines": 1, "num_statements": 1, "percent_covered": 100.0, "percent_covered_display": "100", "missing_lines": 0, "excluded_lines": 0}, "missing_lines": [], "excluded_lines": []}}, "classes": {"": {"executed_lines": [1, 3], "summary": {"covered_lines": 1, "num_statements": 1, "percent_covered": 100.0, "percent_covered_display": "100", "missing_lines": 0, "excluded_lines": 0}, "missing_lines": [], "excluded_lines": []}}}, "src/categoraize/data/__init__.py": {"executed_lines": [1, 3, 4, 6], "summary": {"covered_lines": 3, "num_statements": 3, "percent_covered": 100.0, "percent_covered_display": "100", "missing_lines": 0, "excluded_lines": 0}, "missing_lines": [], "excluded_lines": [], "functions": {"": {"executed_lines": [1, 3, 4, 6], "summary": {"covered_lines": 3, "num_statements": 3, "percent_covered": 100.0, "percent_covered_display": "100", "missing_lines": 0, "excluded_lines": 0}, "missing_lines": [], "excluded_lines": []}}, "classes": {"": {"executed_lines": [1, 3, 4, 6], "summary": {"covered_lines": 3, "num_statements": 3, "percent_covered": 100.0, "percent_covered_display": "100", "missing_lines": 0, "excluded_lines": 0}, "missing_lines": [], "excluded_lines": []}}}, "src/categoraize/data/loader.py": {"executed_lines": [1, 3, 4, 6, 8, 11, 12, 14, 21, 22, 24, 38, 40, 41, 46, 47, 50, 53, 54, 56, 57, 60, 61, 62, 63, 66, 67, 68, 69, 72, 75, 76, 77, 78, 80, 81, 87, 90, 92, 93, 94, 96, 98, 111, 114, 115, 118, 119, 120, 121, 124, 125, 126, 127, 130, 131, 133, 137, 138, 140, 141, 143, 147, 148, 149, 151, 152], "summary": {"covered_lines": 65, "num_statements": 67, "percent_covered": 97.01492537313433, "percent_covered_display": "97", "missing_lines": 2, "excluded_lines": 0}, "missing_lines": [134, 144], "excluded_lines": [], "functions": {"DataLoader.__init__": {"executed_lines": [21, 22], "summary": {"covered_lines": 2, "num_statements": 2, "percent_covered": 100.0, "percent_covered_display": "100", "missing_lines": 0, "excluded_lines": 0}, "missing_lines": [], "excluded_lines": []}, "DataLoader.load_kaggle_dataset": {"executed_lines": [38, 40, 41, 46, 47, 50, 53, 54, 56, 57, 60, 61, 62, 63, 66, 67, 68, 69, 72, 75, 76, 77, 78, 80, 81, 87, 90, 92, 93, 94, 96], "summary": {"covered_lines": 31, "num_statements": 31, "percent_covered": 100.0, "percent_covered_display": "100", "missing_lines": 0, "excluded_lines": 0}, "missing_lines": [], "excluded_lines": []}, "DataLoader.validate_data": {"executed_lines": [111, 114, 115, 118, 119, 120, 121, 124, 125, 126, 127, 130, 131, 133, 137, 138, 140, 141, 143, 147, 148, 149, 151, 152], "summary": {"covered_lines": 24, "num_statements": 26, "percent_covered": 92.3076923076923, "percent_covered_display": "92", "missing_lines": 2, "excluded_lines": 0}, "missing_lines": [134, 144], "excluded_lines": []}, "": {"executed_lines": [1, 3, 4, 6, 8, 11, 12, 14, 24, 98], "summary": {"covered_lines": 8, "num_statements": 8, "percent_covered": 100.0, "percent_covered_display": "100", "missing_lines": 0, "excluded_lines": 0}, "missing_lines": [], "excluded_lines": []}}, "classes": {"DataLoader": {"executed_lines": [21, 22, 38, 40, 41, 46, 47, 50, 53, 54, 56, 57, 60, 61, 62, 63, 66, 67, 68, 69, 72, 75, 76, 77, 78, 80, 81, 87, 90, 92, 93, 94, 96, 111, 114, 115, 118, 119, 120, 121, 124, 125, 126, 127, 130, 131, 133, 137, 138, 140, 141, 143, 147, 148, 149, 151, 152], "summary": {"covered_lines": 57, "num_statements": 59, "percent_covered": 96.61016949152543, "percent_covered_display": "97", "missing_lines": 2, "excluded_lines": 0}, "missing_lines": [134, 144], "excluded_lines": []}, "": {"executed_lines": [1, 3, 4, 6, 8, 11, 12, 14, 24, 98], "summary": {"covered_lines": 8, "num_statements": 8, "percent_covered": 100.0, "percent_covered_display": "100", "missing_lines": 0, "excluded_lines": 0}, "missing_lines": [], "excluded_lines": []}}}, "src/categoraize/data/preprocessor.py": {"executed_lines": [1, 3, 4, 6, 7, 9, 12, 13, 15, 23, 24, 25, 30, 40, 41, 44, 46, 47, 49, 51, 54, 56, 58, 68, 70, 73, 74, 75, 78, 79, 80, 83, 84, 85, 87, 88, 90, 91, 93, 103, 104, 105, 107, 109, 110, 112, 114, 124, 125, 126, 129, 131, 132, 134], "summary": {"covered_lines": 52, "num_statements": 52, "percent_covered": 100.0, "percent_covered_display": "100", "missing_lines": 0, "excluded_lines": 0}, "missing_lines": [], "excluded_lines": [], "functions": {"DataPreprocessor.__init__": {"executed_lines": [23, 24, 25], "summary": {"covered_lines": 3, "num_statements": 3, "percent_covered": 100.0, "percent_covered_display": "100", "missing_lines": 0, "excluded_lines": 0}, "missing_lines": [], "excluded_lines": []}, "DataPreprocessor.preprocess_text": {"executed_lines": [40, 41, 44, 46, 47, 49, 51, 54, 56], "summary": {"covered_lines": 9, "num_statements": 9, "percent_covered": 100.0, "percent_covered_display": "100", "missing_lines": 0, "excluded_lines": 0}, "missing_lines": [], "excluded_lines": []}, "DataPreprocessor.preprocess_dataframe": {"executed_lines": [68, 70, 73, 74, 75, 78, 79, 80, 83, 84, 85, 87, 88, 90, 91], "summary": {"covered_lines": 15, "num_statements": 15, "percent_covered": 100.0, "percent_covered_display": "100", "missing_lines": 0, "excluded_lines": 0}, "missing_lines": [], "excluded_lines": []}, "DataPreprocessor.encode_labels": {"executed_lines": [103, 104, 105, 107, 109, 110, 112], "summary": {"covered_lines": 7, "num_statements": 7, "percent_covered": 100.0, "percent_covered_display": "100", "missing_lines": 0, "excluded_lines": 0}, "missing_lines": [], "excluded_lines": []}, "DataPreprocessor.get_class_weights": {"executed_lines": [124, 125, 126, 129, 131, 132, 134], "summary": {"covered_lines": 7, "num_statements": 7, "percent_covered": 100.0, "percent_covered_display": "100", "missing_lines": 0, "excluded_lines": 0}, "missing_lines": [], "excluded_lines": []}, "": {"executed_lines": [1, 3, 4, 6, 7, 9, 12, 13, 15, 30, 58, 93, 114], "summary": {"covered_lines": 11, "num_statements": 11, "percent_covered": 100.0, "percent_covered_display": "100", "missing_lines": 0, "excluded_lines": 0}, "missing_lines": [], "excluded_lines": []}}, "classes": {"DataPreprocessor": {"executed_lines": [23, 24, 25, 40, 41, 44, 46, 47, 49, 51, 54, 56, 68, 70, 73, 74, 75, 78, 79, 80, 83, 84, 85, 87, 88, 90, 91, 103, 104, 105, 107, 109, 110, 112, 124, 125, 126, 129, 131, 132, 134], "summary": {"covered_lines": 41, "num_statements": 41, "percent_covered": 100.0, "percent_covered_display": "100", "missing_lines": 0, "excluded_lines": 0}, "missing_lines": [], "excluded_lines": []}, "": {"executed_lines": [1, 3, 4, 6, 7, 9, 12, 13, 15, 30, 58, 93, 114], "summary": {"covered_lines": 11, "num_statements": 11, "percent_covered": 100.0, "percent_covered_display": "100", "missing_lines": 0, "excluded_lines": 0}, "missing_lines": [], "excluded_lines": []}}}, "src/categoraize/models/__init__.py": {"executed_lines": [1, 3, 5], "summary": {"covered_lines": 2, "num_statements": 2, "percent_covered": 100.0, "percent_covered_display": "100", "missing_lines": 0, "excluded_lines": 0}, "missing_lines": [], "excluded_lines": [], "functions": {"": {"executed_lines": [1, 3, 5], "summary": {"covered_lines": 2, "num_statements": 2, "percent_covered": 100.0, "percent_covered_display": "100", "missing_lines": 0, "excluded_lines": 0}, "missing_lines": [], "excluded_lines": []}}, "classes": {"": {"executed_lines": [1, 3, 5], "summary": {"covered_lines": 2, "num_statements": 2, "percent_covered": 100.0, "percent_covered_display": "100", "missing_lines": 0, "excluded_lines": 0}, "missing_lines": [], "excluded_lines": []}}}, "src/categoraize/models/classifier.py": {"executed_lines": [1, 3, 4, 6, 7, 8, 9, 10, 11, 13, 16, 17, 24, 38, 39, 40, 43, 44, 45, 46, 49, 51, 52, 53, 54, 55, 62, 63, 65, 67, 70, 71, 72, 74, 84, 85, 86, 88, 98, 99, 100, 102, 119, 122, 123, 124, 126, 129, 132, 134, 137, 139, 140, 142, 143, 145, 146, 148, 150, 160, 161, 164, 165, 167, 170, 173, 176, 178, 180, 182, 192, 196, 201, 204, 207, 209, 211, 222, 225, 226, 227, 229, 231, 238, 239, 241, 244, 245, 248, 249, 252, 254, 264, 265, 266, 268, 270, 271, 281, 283, 286, 288, 289, 290, 293, 300, 301, 304, 305, 306, 308, 310], "summary": {"covered_lines": 110, "num_statements": 116, "percent_covered": 94.82758620689656, "percent_covered_display": "95", "missing_lines": 6, "excluded_lines": 0}, "missing_lines": [177, 193, 197, 198, 199, 223], "excluded_lines": [], "functions": {"ProductCategoryClassifier.__init__": {"executed_lines": [38, 39, 40, 43, 44, 45, 46, 49, 51, 52, 53, 54, 55, 62, 63, 65, 67, 70, 71, 72], "summary": {"covered_lines": 20, "num_statements": 20, "percent_covered": 100.0, "percent_covered_display": "100", "missing_lines": 0, "excluded_lines": 0}, "missing_lines": [], "excluded_lines": []}, "ProductCategoryClassifier.encode_products": {"executed_lines": [84, 85, 86], "summary": {"covered_lines": 3, "num_statements": 3, "percent_covered": 100.0, "percent_covered_display": "100", "missing_lines": 0, "excluded_lines": 0}, "missing_lines": [], "excluded_lines": []}, "ProductCategoryClassifier.encode_categories": {"executed_lines": [98, 99, 100], "summary": {"covered_lines": 3, "num_statements": 3, "percent_covered": 100.0, "percent_covered_display": "100", "missing_lines": 0, "excluded_lines": 0}, "missing_lines": [], "excluded_lines": []}, "ProductCategoryClassifier.fit": {"executed_lines": [119, 122, 123, 124, 126, 129, 132, 134, 137, 139, 140, 142, 143, 145, 146, 148], "summary": {"covered_lines": 16, "num_statements": 16, "percent_covered": 100.0, "percent_covered_display": "100", "missing_lines": 0, "excluded_lines": 0}, "missing_lines": [], "excluded_lines": []}, "ProductCategoryClassifier.predict": {"executed_lines": [160, 161, 164, 165, 167, 170, 173, 176, 178, 180], "summary": {"covered_lines": 10, "num_statements": 11, "percent_covered": 90.9090909090909, "percent_covered_display": "91", "missing_lines": 1, "excluded_lines": 0}, "missing_lines": [177], "excluded_lines": []}, "ProductCategoryClassifier.predict_proba": {"executed_lines": [192, 196, 201, 204, 207, 209], "summary": {"covered_lines": 6, "num_statements": 10, "percent_covered": 60.0, "percent_covered_display": "60", "missing_lines": 4, "excluded_lines": 0}, "missing_lines": [193, 197, 198, 199], "excluded_lines": []}, "ProductCategoryClassifier.predict_with_confidence": {"executed_lines": [222, 225, 226, 227, 229], "summary": {"covered_lines": 5, "num_statements": 6, "percent_covered": 83.33333333333333, "percent_covered_display": "83", "missing_lines": 1, "excluded_lines": 0}, "missing_lines": [223], "excluded_lines": []}, "ProductCategoryClassifier.save_pretrained": {"executed_lines": [238, 239, 241, 244, 245, 248, 249, 252, 254, 264, 265, 266, 268], "summary": {"covered_lines": 13, "num_statements": 13, "percent_covered": 100.0, "percent_covered_display": "100", "missing_lines": 0, "excluded_lines": 0}, "missing_lines": [], "excluded_lines": []}, "ProductCategoryClassifier.from_pretrained": {"executed_lines": [281, 283, 286, 288, 289, 290, 293, 300, 301, 304, 305, 306, 308, 310], "summary": {"covered_lines": 14, "num_statements": 14, "percent_covered": 100.0, "percent_covered_display": "100", "missing_lines": 0, "excluded_lines": 0}, "missing_lines": [], "excluded_lines": []}, "": {"executed_lines": [1, 3, 4, 6, 7, 8, 9, 10, 11, 13, 16, 17, 24, 74, 88, 102, 150, 182, 211, 231, 270, 271], "summary": {"covered_lines": 20, "num_statements": 20, "percent_covered": 100.0, "percent_covered_display": "100", "missing_lines": 0, "excluded_lines": 0}, "missing_lines": [], "excluded_lines": []}}, "classes": {"ProductCategoryClassifier": {"executed_lines": [38, 39, 40, 43, 44, 45, 46, 49, 51, 52, 53, 54, 55, 62, 63, 65, 67, 70, 71, 72, 84, 85, 86, 98, 99, 100, 119, 122, 123, 124, 126, 129, 132, 134, 137, 139, 140, 142, 143, 145, 146, 148, 160, 161, 164, 165, 167, 170, 173, 176, 178, 180, 192, 196, 201, 204, 207, 209, 222, 225, 226, 227, 229, 238, 239, 241, 244, 245, 248, 249, 252, 254, 264, 265, 266, 268, 281, 283, 286, 288, 289, 290, 293, 300, 301, 304, 305, 306, 308, 310], "summary": {"covered_lines": 90, "num_statements": 96, "percent_covered": 93.75, "percent_covered_display": "94", "missing_lines": 6, "excluded_lines": 0}, "missing_lines": [177, 193, 197, 198, 199, 223], "excluded_lines": []}, "": {"executed_lines": [1, 3, 4, 6, 7, 8, 9, 10, 11, 13, 16, 17, 24, 74, 88, 102, 150, 182, 211, 231, 270, 271], "summary": {"covered_lines": 20, "num_statements": 20, "percent_covered": 100.0, "percent_covered_display": "100", "missing_lines": 0, "excluded_lines": 0}, "missing_lines": [], "excluded_lines": []}}}, "src/categoraize/train.py": {"executed_lines": [], "summary": {"covered_lines": 0, "num_statements": 54, "percent_covered": 0.0, "percent_covered_display": "0", "missing_lines": 54, "excluded_lines": 0}, "missing_lines": [3, 4, 5, 6, 7, 9, 10, 11, 12, 14, 15, 18, 25, 26, 33, 43, 44, 46, 48, 49, 51, 52, 53, 55, 58, 60, 61, 66, 73, 76, 78, 80, 82, 83, 86, 89, 92, 93, 94, 96, 99, 100, 107, 108, 115, 116, 122, 123, 124, 126, 127, 128, 131, 132], "excluded_lines": [], "functions": {"setup_logging": {"executed_lines": [], "summary": {"covered_lines": 0, "num_statements": 2, "percent_covered": 0.0, "percent_covered_display": "0", "missing_lines": 2, "excluded_lines": 0}, "missing_lines": [25, 26], "excluded_lines": []}, "load_config": {"executed_lines": [], "summary": {"covered_lines": 0, "num_statements": 9, "percent_covered": 0.0, "percent_covered_display": "0", "missing_lines": 9, "excluded_lines": 0}, "missing_lines": [43, 44, 46, 48, 49, 51, 52, 53, 55], "excluded_lines": []}, "main": {"executed_lines": [], "summary": {"covered_lines": 0, "num_statements": 27, "percent_covered": 0.0, "percent_covered_display": "0", "missing_lines": 27, "excluded_lines": 0}, "missing_lines": [60, 61, 66, 73, 76, 78, 80, 82, 83, 86, 89, 92, 93, 94, 96, 99, 100, 107, 108, 115, 116, 122, 123, 124, 126, 127, 128], "excluded_lines": []}, "": {"executed_lines": [], "summary": {"covered_lines": 0, "num_statements": 16, "percent_covered": 0.0, "percent_covered_display": "0", "missing_lines": 16, "excluded_lines": 0}, "missing_lines": [3, 4, 5, 6, 7, 9, 10, 11, 12, 14, 15, 18, 33, 58, 131, 132], "excluded_lines": []}}, "classes": {"": {"executed_lines": [], "summary": {"covered_lines": 0, "num_statements": 54, "percent_covered": 0.0, "percent_covered_display": "0", "missing_lines": 54, "excluded_lines": 0}, "missing_lines": [3, 4, 5, 6, 7, 9, 10, 11, 12, 14, 15, 18, 25, 26, 33, 43, 44, 46, 48, 49, 51, 52, 53, 55, 58, 60, 61, 66, 73, 76, 78, 80, 82, 83, 86, 89, 92, 93, 94, 96, 99, 100, 107, 108, 115, 116, 122, 123, 124, 126, 127, 128, 131, 132], "excluded_lines": []}}}, "src/categoraize/training/__init__.py": {"executed_lines": [1, 3, 4, 6], "summary": {"covered_lines": 3, "num_statements": 3, "percent_covered": 100.0, "percent_covered_display": "100", "missing_lines": 0, "excluded_lines": 0}, "missing_lines": [], "excluded_lines": [], "functions": {"": {"executed_lines": [1, 3, 4, 6], "summary": {"covered_lines": 3, "num_statements": 3, "percent_covered": 100.0, "percent_covered_display": "100", "missing_lines": 0, "excluded_lines": 0}, "missing_lines": [], "excluded_lines": []}}, "classes": {"": {"executed_lines": [1, 3, 4, 6], "summary": {"covered_lines": 3, "num_statements": 3, "percent_covered": 100.0, "percent_covered_display": "100", "missing_lines": 0, "excluded_lines": 0}, "missing_lines": [], "excluded_lines": []}}}, "src/categoraize/training/evaluator.py": {"executed_lines": [1, 3, 4, 6, 7, 16, 19, 20, 22, 24, 26, 45, 48, 51, 52, 53, 54, 57, 58, 59, 61, 71, 72, 73, 74, 75, 76, 78, 80, 99, 102, 105, 108, 109, 111, 112, 113, 114, 116, 118, 119, 120, 122, 125, 130, 131, 132, 133, 135, 136, 138, 140, 159, 161, 162, 163, 164, 165, 167, 169, 186, 187, 189, 190, 192], "summary": {"covered_lines": 63, "num_statements": 63, "percent_covered": 100.0, "percent_covered_display": "100", "missing_lines": 0, "excluded_lines": 0}, "missing_lines": [], "excluded_lines": [], "functions": {"Evaluator.__init__": {"executed_lines": [24], "summary": {"covered_lines": 1, "num_statements": 1, "percent_covered": 100.0, "percent_covered_display": "100", "missing_lines": 0, "excluded_lines": 0}, "missing_lines": [], "excluded_lines": []}, "Evaluator.evaluate": {"executed_lines": [45, 48, 51, 52, 53, 54, 57, 58, 59, 61, 71, 72, 73, 74, 75, 76, 78], "summary": {"covered_lines": 17, "num_statements": 17, "percent_covered": 100.0, "percent_covered_display": "100", "missing_lines": 0, "excluded_lines": 0}, "missing_lines": [], "excluded_lines": []}, "Evaluator.evaluate_with_confidence": {"executed_lines": [99, 102, 105, 108, 109, 111, 112, 113, 114, 116, 118, 119, 120, 122, 125, 130, 131, 132, 133, 135, 136, 138], "summary": {"covered_lines": 22, "num_statements": 22, "percent_covered": 100.0, "percent_covered_display": "100", "missing_lines": 0, "excluded_lines": 0}, "missing_lines": [], "excluded_lines": []}, "Evaluator.classification_report_detailed": {"executed_lines": [159, 161, 162, 163, 164, 165, 167], "summary": {"covered_lines": 7, "num_statements": 7, "percent_covered": 100.0, "percent_covered_display": "100", "missing_lines": 0, "excluded_lines": 0}, "missing_lines": [], "excluded_lines": []}, "Evaluator.confusion_matrix_report": {"executed_lines": [186, 187, 189, 190, 192], "summary": {"covered_lines": 5, "num_statements": 5, "percent_covered": 100.0, "percent_covered_display": "100", "missing_lines": 0, "excluded_lines": 0}, "missing_lines": [], "excluded_lines": []}, "": {"executed_lines": [1, 3, 4, 6, 7, 16, 19, 20, 22, 26, 80, 140, 169], "summary": {"covered_lines": 11, "num_statements": 11, "percent_covered": 100.0, "percent_covered_display": "100", "missing_lines": 0, "excluded_lines": 0}, "missing_lines": [], "excluded_lines": []}}, "classes": {"Evaluator": {"executed_lines": [24, 45, 48, 51, 52, 53, 54, 57, 58, 59, 61, 71, 72, 73, 74, 75, 76, 78, 99, 102, 105, 108, 109, 111, 112, 113, 114, 116, 118, 119, 120, 122, 125, 130, 131, 132, 133, 135, 136, 138, 159, 161, 162, 163, 164, 165, 167, 186, 187, 189, 190, 192], "summary": {"covered_lines": 52, "num_statements": 52, "percent_covered": 100.0, "percent_covered_display": "100", "missing_lines": 0, "excluded_lines": 0}, "missing_lines": [], "excluded_lines": []}, "": {"executed_lines": [1, 3, 4, 6, 7, 16, 19, 20, 22, 26, 80, 140, 169], "summary": {"covered_lines": 11, "num_statements": 11, "percent_covered": 100.0, "percent_covered_display": "100", "missing_lines": 0, "excluded_lines": 0}, "missing_lines": [], "excluded_lines": []}}}, "src/categoraize/training/trainer.py": {"executed_lines": [1, 3, 4, 5, 7, 8, 10, 11, 12, 14, 17, 18, 20, 27, 28, 29, 30, 32, 34, 41, 42, 43, 44, 46, 47, 50, 52, 54, 64, 65, 70, 71, 73, 83, 84, 85, 86, 89, 90, 93, 97, 98, 100, 107, 108, 113, 114, 116, 124, 128, 131, 138, 140, 142, 143, 144, 145, 147, 157, 164, 166, 174, 175, 177, 194, 197, 199, 200, 201, 204, 205, 206, 208, 210, 212, 214, 221, 224, 225, 226, 228, 235, 236, 237, 240, 241, 244, 245, 248, 249, 252, 253, 256, 257, 260, 261, 262, 264, 265, 266, 269, 277], "summary": {"covered_lines": 100, "num_statements": 105, "percent_covered": 95.23809523809524, "percent_covered_display": "95", "missing_lines": 5, "excluded_lines": 0}, "missing_lines": [129, 139, 195, 202, 222], "excluded_lines": [], "functions": {"Trainer.__init__": {"executed_lines": [27, 28, 29, 30, 32], "summary": {"covered_lines": 5, "num_statements": 5, "percent_covered": 100.0, "percent_covered_display": "100", "missing_lines": 0, "excluded_lines": 0}, "missing_lines": [], "excluded_lines": []}, "Trainer.load_data": {"executed_lines": [41, 42, 43, 44, 46, 47, 50, 52], "summary": {"covered_lines": 8, "num_statements": 8, "percent_covered": 100.0, "percent_covered_display": "100", "missing_lines": 0, "excluded_lines": 0}, "missing_lines": [], "excluded_lines": []}, "Trainer.preprocess_data": {"executed_lines": [64, 65, 70, 71], "summary": {"covered_lines": 4, "num_statements": 4, "percent_covered": 100.0, "percent_covered_display": "100", "missing_lines": 0, "excluded_lines": 0}, "missing_lines": [], "excluded_lines": []}, "Trainer.split_data": {"executed_lines": [83, 84, 85, 86, 89, 90, 93, 97, 98, 100, 107, 108, 113, 114, 116, 124, 128, 131, 138, 140, 142, 143, 144, 145, 147], "summary": {"covered_lines": 25, "num_statements": 27, "percent_covered": 92.5925925925926, "percent_covered_display": "93", "missing_lines": 2, "excluded_lines": 0}, "missing_lines": [129, 139], "excluded_lines": []}, "Trainer.create_model": {"executed_lines": [164, 166, 174, 175], "summary": {"covered_lines": 4, "num_statements": 4, "percent_covered": 100.0, "percent_covered_display": "100", "missing_lines": 0, "excluded_lines": 0}, "missing_lines": [], "excluded_lines": []}, "Trainer.train": {"executed_lines": [194, 197, 199, 200, 201, 204, 205, 206, 208, 210, 212], "summary": {"covered_lines": 11, "num_statements": 13, "percent_covered": 84.61538461538461, "percent_covered_display": "85", "missing_lines": 2, "excluded_lines": 0}, "missing_lines": [195, 202], "excluded_lines": []}, "Trainer.save_model": {"executed_lines": [221, 224, 225, 226], "summary": {"covered_lines": 4, "num_statements": 5, "percent_covered": 80.0, "percent_covered_display": "80", "missing_lines": 1, "excluded_lines": 0}, "missing_lines": [222], "excluded_lines": []}, "Trainer.run_training": {"executed_lines": [235, 236, 237, 240, 241, 244, 245, 248, 249, 252, 253, 256, 257, 260, 261, 262, 264, 265, 266, 269, 277], "summary": {"covered_lines": 21, "num_statements": 21, "percent_covered": 100.0, "percent_covered_display": "100", "missing_lines": 0, "excluded_lines": 0}, "missing_lines": [], "excluded_lines": []}, "": {"executed_lines": [1, 3, 4, 5, 7, 8, 10, 11, 12, 14, 17, 18, 20, 34, 54, 73, 157, 177, 214, 228], "summary": {"covered_lines": 18, "num_statements": 18, "percent_covered": 100.0, "percent_covered_display": "100", "missing_lines": 0, "excluded_lines": 0}, "missing_lines": [], "excluded_lines": []}}, "classes": {"Trainer": {"executed_lines": [27, 28, 29, 30, 32, 41, 42, 43, 44, 46, 47, 50, 52, 64, 65, 70, 71, 83, 84, 85, 86, 89, 90, 93, 97, 98, 100, 107, 108, 113, 114, 116, 124, 128, 131, 138, 140, 142, 143, 144, 145, 147, 164, 166, 174, 175, 194, 197, 199, 200, 201, 204, 205, 206, 208, 210, 212, 221, 224, 225, 226, 235, 236, 237, 240, 241, 244, 245, 248, 249, 252, 253, 256, 257, 260, 261, 262, 264, 265, 266, 269, 277], "summary": {"covered_lines": 82, "num_statements": 87, "percent_covered": 94.25287356321839, "percent_covered_display": "94", "missing_lines": 5, "excluded_lines": 0}, "missing_lines": [129, 139, 195, 202, 222], "excluded_lines": []}, "": {"executed_lines": [1, 3, 4, 5, 7, 8, 10, 11, 12, 14, 17, 18, 20, 34, 54, 73, 157, 177, 214, 228], "summary": {"covered_lines": 18, "num_statements": 18, "percent_covered": 100.0, "percent_covered_display": "100", "missing_lines": 0, "excluded_lines": 0}, "missing_lines": [], "excluded_lines": []}}}}, "totals": {"covered_lines": 399, "num_statements": 466, "percent_covered": 85.62231759656652, "percent_covered_display": "86", "missing_lines": 67, "excluded_lines": 0}}
